<?xml version="1.0" encoding="UTF-8"?>
<!-- Generated by org.testng.reporters.JUnitReportReporter -->
<testsuite skipped="0" hostname="LAPTOP-D6CL5KKJ" name="com.training.sanity.tests.LoginTests" tests="1" failures="0" timestamp="2020-08-23T20:48:34 CDT" time="15.603" errors="0">
  <testcase name="validLoginTest" time="15.603" classname="com.training.sanity.tests.LoginTests"/>
  <system-out/>
</testsuite> <!-- com.training.sanity.tests.LoginTests -->
