<?xml version="1.0" encoding="UTF-8"?>
<!-- Generated by org.testng.reporters.JUnitReportReporter -->
<testsuite skipped="0" hostname="LAPTOP-D6CL5KKJ" name="com.training.sanity.tests.ViewUserDetails" tests="1" failures="0" timestamp="2020-08-23T22:20:36 CDT" time="14.875" errors="0">
  <testcase name="ViewUserDetails" time="14.875" classname="com.training.sanity.tests.ViewUserDetails"/>
  <system-out/>
</testsuite> <!-- com.training.sanity.tests.ViewUserDetails -->
